<?xml version="1.0" encoding="UTF-8"?>
<!-- Generated by org.testng.reporters.JUnitReportReporter -->
<testsuite hostname="San" name="tests.AmazonTest" tests="2" failures="0" timestamp="4 Jan 2017 20:41:40 GMT" time="202.447" errors="0">
  <testcase name="addProductThroughSearchBox" time="108.590" classname="tests.AmazonTest"/>
  <testcase name="addProductThroughCatalog" time="93.857" classname="tests.AmazonTest"/>
</testsuite> <!-- tests.AmazonTest -->
