<?xml version="1.0" encoding="UTF-8"?>
<!-- Generated by org.testng.reporters.JUnitReportReporter -->
<testsuite hostname="San" name="tests.QAWorksTest" tests="1" failures="0" timestamp="11 Mar 2017 20:13:13 GMT" time="56.492" errors="0">
  <testcase name="ContactPageSendMessage" time="56.492" classname="tests.QAWorksTest"/>
</testsuite> <!-- tests.QAWorksTest -->
